<?xml version="1.0" encoding="UTF-8"?>
<!-- Generated by org.testng.reporters.JUnitReportReporter -->
<testsuite hostname="DESKTOP-A7UMFTD" failures="0" tests="2" name="Academy.HomePage" time="29.796" errors="0" timestamp="2021-04-30T12:24:48 IST" skipped="0">
  <testcase classname="Academy.HomePage" name="basePageNavigation" time="11.049"/>
  <system-out/>
  <testcase classname="Academy.HomePage" name="basePageNavigation" time="18.747"/>
  <system-out/>
</testsuite> <!-- Academy.HomePage -->
