<?xml version="1.0" encoding="UTF-8"?>
<!-- Generated by org.testng.reporters.JUnitReportReporter -->
<testsuite hostname="DESKTOP-A7UMFTD" failures="0" tests="2" name="Academy.validateText" time="16.289" errors="0" timestamp="2021-04-30T12:35:49 IST" skipped="0">
  <testcase classname="Academy.validateText" name="validateAppTitle" time="16.199"/>
  <system-out/>
  <testcase classname="Academy.validateText" name="validateHeader" time="0.090"/>
  <system-out/>
</testsuite> <!-- Academy.validateText -->
