<?xml version="1.0" encoding="UTF-8"?>
<!-- Generated by org.testng.reporters.JUnitReportReporter -->
<testsuite hostname="DESKTOP-A7UMFTD" failures="0" tests="2" name="Academy.HomePage" time="21.822" errors="0" timestamp="2021-04-30T12:35:49 IST" skipped="0">
  <testcase classname="Academy.HomePage" name="basePageNavigation" time="3.208"/>
  <system-out/>
  <testcase classname="Academy.HomePage" name="basePageNavigation" time="18.614"/>
  <system-out/>
</testsuite> <!-- Academy.HomePage -->
