<?xml version="1.0" encoding="UTF-8"?>
<!-- Generated by org.testng.reporters.JUnitReportReporter -->
<testsuite hostname="DESKTOP-A7UMFTD" failures="0" tests="1" name="Academy.validateNavBar" time="19.397" errors="0" timestamp="2021-04-30T12:35:49 IST" skipped="0">
  <testcase classname="Academy.validateNavBar" name="validateAppNavBar" time="19.397"/>
  <system-out/>
</testsuite> <!-- Academy.validateNavBar -->
